#
# There is insufficient memory for the Java Runtime Environment to continue.
# Native memory allocation (mmap) failed to map 268435456 bytes for G1 virtual space
# Possible reasons:
#   The system is out of physical RAM or swap space
#   The process is running with CompressedOops enabled, and the Java Heap may be blocking the growth of the native heap
# Possible solutions:
#   Reduce memory load on the system
#   Increase physical memory or swap space
#   Check if swap backing store is full
#   Decrease Java heap size (-Xmx/-Xms)
#   Decrease number of Java threads
#   Decrease Java thread stack sizes (-Xss)
#   Set larger code cache with -XX:ReservedCodeCacheSize=
#   JVM is running with Zero Based Compressed Oops mode in which the Java heap is
#     placed in the first 32GB address space. The Java Heap base address is the
#     maximum limit for the native heap growth. Please use -XX:HeapBaseMinAddress
#     to set the Java Heap base and to place the Java Heap above 32GB virtual address.
# This output file may be truncated or incomplete.
#
#  Out of Memory Error (os_windows.cpp:3528), pid=13740, tid=2788
#
# JRE version:  (20.0+36) (build )
# Java VM: OpenJDK 64-Bit Server VM (20+36-2344, mixed mode, sharing, tiered, compressed oops, compressed class ptrs, g1 gc, windows-amd64)
# No core dump will be written. Minidumps are not enabled by default on client versions of Windows
#

---------------  S U M M A R Y ------------

Command Line: -javaagent:C:\Users\FreezkoS\.m2\repository/org/aspectj/aspectjweaver/1.8.10/aspectjweaver-1.8.10.jar E:\project\test2\target\surefire\surefirebooter12645276206992044746.jar E:\project\test2\target\surefire 2023-04-13T21-59-36_934-jvmRun1 surefire2726976429458499021tmp surefire_04920145001962911739tmp

Host: Intel(R) Core(TM) i3-8100 CPU @ 3.60GHz, 4 cores, 15G,  Windows 10 , 64 bit Build 19041 (10.0.19041.2546)
Time: Thu Apr 13 21:59:37 2023 RTZ 4 (s 10 , 64 bit Build 19041 (10.0.19041.2546) elapsed time: 0.026003 seconds (0d 0h 0m 0s)

---------------  T H R E A D  ---------------

Current thread (0x000001c20367e2a0):  JavaThread "Unknown thread" [_thread_in_vm, id=2788, stack(0x000000b96de00000,0x000000b96df00000)]

Stack: [0x000000b96de00000,0x000000b96df00000]
Native frames: (J=compiled Java code, j=interpreted, Vv=VM code, C=native code)
V  [jvm.dll+0x6bb95a]
V  [jvm.dll+0x8483aa]
V  [jvm.dll+0x849fa5]
V  [jvm.dll+0x84a6a3]
V  [jvm.dll+0x280b0f]
V  [jvm.dll+0x6b86e9]
V  [jvm.dll+0x6ad2da]
V  [jvm.dll+0x35adf5]
V  [jvm.dll+0x363016]
V  [jvm.dll+0x3b3b3e]
V  [jvm.dll+0x3b3dc5]
V  [jvm.dll+0x32b50a]
V  [jvm.dll+0x32c32b]
V  [jvm.dll+0x81106f]
V  [jvm.dll+0x3c0d91]
V  [jvm.dll+0x7fcd93]
V  [jvm.dll+0x44c76f]
V  [jvm.dll+0x44e0e1]
C  [jli.dll+0x5287]
C  [ucrtbase.dll+0x21bb2]
C  [KERNEL32.DLL+0x17614]
C  [ntdll.dll+0x526a1]


---------------  P R O C E S S  ---------------

Threads class SMR info:
_java_thread_list=0x00007ffe1374a098, length=0, elements={
}

Java Threads: ( => current thread )

Other Threads:
  0x000001c2036eb050 WorkerThread "GC Thread#0" [stack: 0x000000b96df00000,0x000000b96e000000] [id=7456]
  0x000001c2036fce80 ConcurrentGCThread "G1 Main Marker" [stack: 0x000000b96e000000,0x000000b96e100000] [id=19300]
  0x000001c2036fd8b0 WorkerThread "G1 Conc#0" [stack: 0x000000b96e100000,0x000000b96e200000] [id=6700]

[error occurred during error reporting (printing all threads), id 0xc0000005, EXCEPTION_ACCESS_VIOLATION (0xc0000005) at pc=0x00007ffe12f2eb47]
VM state: not at safepoint (not fully initialized)

VM Mutex/Monitor currently owned by a thread:  ([mutex/lock_event])
[0x000001c20367a830] Heap_lock - owner thread: 0x000001c20367e2a0

Heap address: 0x0000000700e00000, size: 4082 MB, Compressed Oops mode: Zero based, Oop shift amount: 3

CDS archive(s) mapped at: [0x0000000000000000-0x0000000000000000-0x0000000000000000), size 0, SharedBaseAddress: 0x0000000800000000, ArchiveRelocationMode: 0.
Narrow klass base: 0x0000000000000000, Narrow klass shift: 0, Narrow klass range: 0x0

GC Precious Log:
 CardTable entry size: 512
 Card Set container configuration: InlinePtr #cards 4 size 8 Array Of Cards #cards 16 size 48 Howl #buckets 8 coarsen threshold 3686 Howl Bitmap #cards 512 size 80 coarsen threshold 460 Card regions per heap region 1 cards per card region 4096

Heap:
 garbage-first heap   total 0K, used 0K [0x0000000700e00000, 0x0000000800000000)
  region size 2048K, 0 young (0K), 0 survivors (0K)

[error occurred during error reporting (printing heap information), id 0xc0000005, EXCEPTION_ACCESS_VIOLATION (0xc0000005) at pc=0x00007ffe13303c59]
GC Heap History (0 events):
No events

Dll operation events (1 events):
Event: 0.010 Loaded shared library C:\Users\FreezkoS\.jdks\openjdk-20\bin\java.dll

Deoptimization events (0 events):
No events

Classes loaded (0 events):
No events

Classes unloaded (0 events):
No events

Classes redefined (0 events):
No events

Internal exceptions (0 events):
No events

VM Operations (0 events):
No events

Events (0 events):
No events


Dynamic libraries:
0x00007ff7a1370000 - 0x00007ff7a137e000 	C:\Users\FreezkoS\.jdks\openjdk-20\bin\java.exe
0x00007ffe74870000 - 0x00007ffe74a68000 	C:\WINDOWS\SYSTEM32\ntdll.dll
0x00007ffe74490000 - 0x00007ffe7454f000 	C:\WINDOWS\System32\KERNEL32.DLL
0x00007ffe72210000 - 0x00007ffe724e2000 	C:\WINDOWS\System32\KERNELBASE.dll
0x00007ffe725e0000 - 0x00007ffe726e0000 	C:\WINDOWS\System32\ucrtbase.dll
0x00007ffe68230000 - 0x00007ffe68247000 	C:\Users\FreezkoS\.jdks\openjdk-20\bin\jli.dll
0x00007ffe742e0000 - 0x00007ffe74481000 	C:\WINDOWS\System32\USER32.dll
0x00007ffe725b0000 - 0x00007ffe725d2000 	C:\WINDOWS\System32\win32u.dll
0x00007ffe74650000 - 0x00007ffe7467b000 	C:\WINDOWS\System32\GDI32.dll
0x00007ffe72780000 - 0x00007ffe7288f000 	C:\WINDOWS\System32\gdi32full.dll
0x00007ffe726e0000 - 0x00007ffe7277d000 	C:\WINDOWS\System32\msvcp_win.dll
0x00007ffe67890000 - 0x00007ffe678ab000 	C:\Users\FreezkoS\.jdks\openjdk-20\bin\VCRUNTIME140.dll
0x00007ffe5f480000 - 0x00007ffe5f71a000 	C:\WINDOWS\WinSxS\amd64_microsoft.windows.common-controls_6595b64144ccf1df_6.0.19041.1110_none_60b5254171f9507e\COMCTL32.dll
0x00007ffe72b90000 - 0x00007ffe72c2e000 	C:\WINDOWS\System32\msvcrt.dll
0x00007ffe72a10000 - 0x00007ffe72a40000 	C:\WINDOWS\System32\IMM32.DLL
0x00007ffe67b10000 - 0x00007ffe67b1c000 	C:\Users\FreezkoS\.jdks\openjdk-20\bin\vcruntime140_1.dll
0x00007ffe45f60000 - 0x00007ffe45fee000 	C:\Users\FreezkoS\.jdks\openjdk-20\bin\msvcp140.dll
0x00007ffe12bf0000 - 0x00007ffe13887000 	C:\Users\FreezkoS\.jdks\openjdk-20\bin\server\jvm.dll
0x00007ffe72ae0000 - 0x00007ffe72b8e000 	C:\WINDOWS\System32\ADVAPI32.dll
0x00007ffe72a40000 - 0x00007ffe72adc000 	C:\WINDOWS\System32\sechost.dll
0x00007ffe72c90000 - 0x00007ffe72db4000 	C:\WINDOWS\System32\RPCRT4.dll
0x00007ffe6f2c0000 - 0x00007ffe6f2c9000 	C:\WINDOWS\SYSTEM32\WSOCK32.dll
0x00007ffe73030000 - 0x00007ffe7309b000 	C:\WINDOWS\System32\WS2_32.dll
0x00007ffe6a0f0000 - 0x00007ffe6a117000 	C:\WINDOWS\SYSTEM32\WINMM.dll
0x00007ffe6b1d0000 - 0x00007ffe6b1da000 	C:\WINDOWS\SYSTEM32\VERSION.dll
0x00007ffe70810000 - 0x00007ffe70822000 	C:\WINDOWS\SYSTEM32\kernel.appcore.dll
0x00007ffe675a0000 - 0x00007ffe675aa000 	C:\Users\FreezkoS\.jdks\openjdk-20\bin\jimage.dll
0x00007ffe6fcb0000 - 0x00007ffe6fe94000 	C:\WINDOWS\SYSTEM32\DBGHELP.DLL
0x00007ffe5a0f0000 - 0x00007ffe5a125000 	C:\WINDOWS\SYSTEM32\dbgcore.DLL
0x00007ffe720d0000 - 0x00007ffe72152000 	C:\WINDOWS\System32\bcryptPrimitives.dll
0x00007ffe678e0000 - 0x00007ffe678ee000 	C:\Users\FreezkoS\.jdks\openjdk-20\bin\instrument.dll
0x00007ffe54000000 - 0x00007ffe54026000 	C:\Users\FreezkoS\.jdks\openjdk-20\bin\java.dll

dbghelp: loaded successfully - version: 4.0.5 - missing functions: none
symbol engine: initialized successfully - sym options: 0x614 - pdb path: .;C:\Users\FreezkoS\.jdks\openjdk-20\bin;C:\WINDOWS\SYSTEM32;C:\WINDOWS\WinSxS\amd64_microsoft.windows.common-controls_6595b64144ccf1df_6.0.19041.1110_none_60b5254171f9507e;C:\Users\FreezkoS\.jdks\openjdk-20\bin\server

VM Arguments:
jvm_args: -javaagent:C:\Users\FreezkoS\.m2\repository/org/aspectj/aspectjweaver/1.8.10/aspectjweaver-1.8.10.jar 
java_command: E:\project\test2\target\surefire\surefirebooter12645276206992044746.jar E:\project\test2\target\surefire 2023-04-13T21-59-36_934-jvmRun1 surefire2726976429458499021tmp surefire_04920145001962911739tmp
java_class_path (initial): E:\project\test2\target\surefire\surefirebooter12645276206992044746.jar
Launcher Type: SUN_STANDARD

[Global flags]
     intx CICompilerCount                          = 3                                         {product} {ergonomic}
     uint ConcGCThreads                            = 1                                         {product} {ergonomic}
     uint G1ConcRefinementThreads                  = 4                                         {product} {ergonomic}
   size_t G1HeapRegionSize                         = 2097152                                   {product} {ergonomic}
    uintx GCDrainStackTargetSize                   = 64                                        {product} {ergonomic}
   size_t InitialHeapSize                          = 268435456                                 {product} {ergonomic}
   size_t MarkStackSize                            = 4194304                                   {product} {ergonomic}
   size_t MaxHeapSize                              = 4280287232                                {product} {ergonomic}
   size_t MinHeapDeltaBytes                        = 2097152                                   {product} {ergonomic}
   size_t MinHeapSize                              = 8388608                                   {product} {ergonomic}
    uintx NonNMethodCodeHeapSize                   = 5832780                                {pd product} {ergonomic}
    uintx NonProfiledCodeHeapSize                  = 122912730                              {pd product} {ergonomic}
    uintx ProfiledCodeHeapSize                     = 122912730                              {pd product} {ergonomic}
    uintx ReservedCodeCacheSize                    = 251658240                              {pd product} {ergonomic}
     bool SegmentedCodeCache                       = true                                      {product} {ergonomic}
   size_t SoftMaxHeapSize                          = 4280287232                             {manageable} {ergonomic}
     bool UseCompressedClassPointers               = true                           {product lp64_product} {ergonomic}
     bool UseCompressedOops                        = true                           {product lp64_product} {ergonomic}
     bool UseG1GC                                  = true                                      {product} {ergonomic}
     bool UseLargePagesIndividualAllocation        = false                                  {pd product} {ergonomic}

Logging:
Log output configuration:
 #0: stdout all=warning uptime,level,tags foldmultilines=false
 #1: stderr all=off uptime,level,tags foldmultilines=false

Environment Variables:
JAVA_HOME=C:\Users\FreezkoS\.jdks\openjdk-20
PATH=C:\Program Files\apache-maven-3.9.1-bin\apache-maven-3.9.1\bin;C:\WINDOWS\system32;C:\WINDOWS;C:\WINDOWS\System32\Wbem;C:\WINDOWS\System32\WindowsPowerShell\v1.0\;C:\WINDOWS\System32\OpenSSH\;C:\Program Files\Microsoft SQL Server\130\Tools\Binn\;C:\Program Files\Microsoft SQL Server\Client SDK\ODBC\170\Tools\Binn\;C:\Program Files\dotnet\;C:\Program Files (x86)\NVIDIA Corporation\PhysX\Common;C:\WINDOWS\system32;C:\WINDOWS;C:\WINDOWS\System32\Wbem;C:\WINDOWS\System32\WindowsPowerShell\v1.0\;C:\WINDOWS\System32\OpenSSH\;C:\Program Files (x86)\IVI Foundation\VISA\WinNT\Bin;C:\Program Files\Git\cmd;C:\Users\FreezkoS\.jdks\openjdk-20\bin;C:\Users\FreezkoS\AppData\Local\Programs\Python\Python39\Scripts\;C:\Users\FreezkoS\AppData\Local\Programs\Python\Python39\;C:\Users\FreezkoS\AppData\Local\Microsoft\WindowsApps;C:\Users\FreezkoS\.dotnet\tools;D:\Brackets\;C:\Program Files\JetBrains\PyCharm Community Edition 2022.3\bin;;E:\IntelliJ IDEA Community Edition 2023.1\bin;
USERNAME=FreezkoS
OS=Windows_NT
PROCESSOR_IDENTIFIER=Intel64 Family 6 Model 158 Stepping 11, GenuineIntel
TMP=C:\Users\FreezkoS\AppData\Local\Temp
TEMP=C:\Users\FreezkoS\AppData\Local\Temp




---------------  S Y S T E M  ---------------

OS:
 Windows 10 , 64 bit Build 19041 (10.0.19041.2546)
OS uptime: 23 days 13:57 hours

CPU: total 4 (initial active 4) (4 cores per cpu, 1 threads per core) family 6 model 158 stepping 11 microcode 0xb4, cx8, cmov, fxsr, mmx, 3dnowpref, sse, sse2, sse3, ssse3, sse4.1, sse4.2, popcnt, lzcnt, tsc, tscinvbit, avx, avx2, aes, erms, clmul, bmi1, bmi2, adx, fma, vzeroupper, clflush, clflushopt, rdtscp, f16c

Memory: 4k page, system-wide physical 16323M (2465M free)
TotalPageFile size 28823M (AvailPageFile size 218M)
current process WorkingSet (physical memory assigned to process): 10M, peak: 10M
current process commit charge ("private bytes"): 52M, peak: 307M

vm_info: OpenJDK 64-Bit Server VM (20+36-2344) for windows-amd64 JRE (20+36-2344), built on 2023-02-10T19:30:15Z by "mach5one" with MS VC++ 17.1 (VS2022)

END.
